============================= test session starts =============================
platform win32 -- Python 3.12.2, pytest-9.0.2, pluggy-1.6.0 -- C:\Tino-V\.venv\Scripts\python.exe
cachedir: .pytest_cache
rootdir: C:\Tino-V
configfile: pyproject.toml
testpaths: tests
plugins: anyio-4.12.1, asyncio-1.3.0
asyncio: mode=Mode.AUTO, debug=False, asyncio_default_fixture_loop_scope=None, asyncio_default_test_loop_scope=function
collecting ... collected 189 items

tests/test_alerts.py::test_alert_recorded_in_db PASSED                   [  0%]
tests/test_alerts.py::test_dedup_suppresses_second_send_with_flag PASSED [  1%]
tests/test_alerts.py::test_mute_window_suppresses_send_with_flag PASSED  [  1%]
tests/test_alerts.py::test_force_bypasses_mute_and_dedup PASSED          [  2%]
tests/test_alerts.py::test_disabled_type_is_persisted_but_not_delivered PASSED [  2%]
tests/test_alerts.py::test_retry_records_attempts_and_finally_marks_failed PASSED [  3%]
tests/test_alerts.py::test_retry_marks_delivered_on_first_success PASSED [  3%]
tests/test_alerts.py::test_storm_tracker_fires_when_threshold_reached PASSED [  4%]
tests/test_api_links.py::test_create_link PASSED                         [  4%]
tests/test_api_links.py::test_create_link_invalid_roles PASSED           [  5%]
tests/test_api_links.py::test_create_duplicate_link PASSED               [  5%]
tests/test_api_links.py::test_list_links PASSED                          [  6%]
tests/test_api_links.py::test_update_link PASSED                         [  6%]
tests/test_api_links.py::test_toggle_link PASSED                         [  7%]
tests/test_api_links.py::test_delete_link PASSED                         [  7%]
tests/test_api_links.py::test_delete_link_not_found PASSED               [  8%]
tests/test_api_mappings.py::test_create_symbol_mapping PASSED            [  8%]
tests/test_api_mappings.py::test_list_symbol_mappings PASSED             [  9%]
tests/test_api_mappings.py::test_create_duplicate_symbol_mapping PASSED  [ 10%]
tests/test_api_mappings.py::test_delete_symbol_mapping PASSED            [ 10%]
tests/test_api_mappings.py::test_delete_symbol_mapping_not_found PASSED  [ 11%]
tests/test_api_mappings.py::test_symbol_mapping_link_not_found PASSED    [ 11%]
tests/test_api_mappings.py::test_create_magic_mapping PASSED             [ 12%]
tests/test_api_mappings.py::test_create_magic_mapping_with_direction PASSED [ 12%]
tests/test_api_mappings.py::test_create_magic_mapping_rejects_invalid_direction PASSED [ 13%]
tests/test_api_mappings.py::test_list_magic_mappings PASSED              [ 13%]
tests/test_api_mappings.py::test_create_duplicate_magic_mapping PASSED   [ 14%]
tests/test_api_mappings.py::test_delete_magic_mapping PASSED             [ 14%]
tests/test_api_mappings.py::test_delete_magic_mapping_not_found PASSED   [ 15%]
tests/test_api_mappings.py::test_magic_mapping_link_not_found PASSED     [ 15%]
tests/test_api_mappings.py::test_update_magic_mapping PASSED             [ 16%]
tests/test_api_mappings.py::test_update_magic_mapping_partial PASSED     [ 16%]
tests/test_api_mappings.py::test_update_magic_mapping_not_found PASSED   [ 17%]
tests/test_api_mappings.py::test_update_magic_mapping_invalid_direction PASSED [ 17%]
tests/test_api_telegram.py::test_get_telegram_returns_defaults PASSED    [ 18%]
tests/test_api_telegram.py::test_put_telegram_updates_subset_of_fields PASSED [ 19%]
tests/test_api_telegram.py::test_put_telegram_enables_alert_toggle PASSED [ 19%]
tests/test_api_telegram.py::test_put_telegram_rejects_unknown_alert_type PASSED [ 20%]
tests/test_api_telegram.py::test_mute_and_clear PASSED                   [ 20%]
tests/test_api_telegram.py::test_test_alert_records_failure_when_unconfigured PASSED [ 21%]
tests/test_api_telegram.py::test_alerts_list_filters_by_type_and_limit PASSED [ 21%]
tests/test_api_telegram.py::test_alerts_list_filters_by_delivered PASSED [ 22%]
tests/test_api_terminals.py::test_list_terminals PASSED                  [ 22%]
tests/test_api_terminals.py::test_get_terminal PASSED                    [ 23%]
tests/test_api_terminals.py::test_get_terminal_not_found PASSED          [ 23%]
tests/test_api_terminals.py::test_create_terminal PASSED                 [ 24%]
tests/test_api_terminals.py::test_create_terminal_duplicate PASSED       [ 24%]
tests/test_api_terminals.py::test_create_terminal_bad_role PASSED        [ 25%]
tests/test_api_terminals.py::test_delete_terminal_not_found PASSED       [ 25%]
tests/test_api_terminals.py::test_delete_terminal_cascade PASSED         [ 26%]
tests/test_backup_restore.py::test_backup_creates_file_and_integrity_passes PASSED [ 26%]
tests/test_backup_restore.py::test_backup_purges_files_older_than_retention PASSED [ 27%]
tests/test_backup_restore.py::test_restore_replaces_corrupted_live_db PASSED [ 28%]
tests/test_backup_restore.py::test_restore_rejects_invalid_backup PASSED [ 28%]
tests/test_backup_restore.py::test_restore_refuses_locked_destination PASSED [ 29%]
tests/test_backup_restore.py::test_restore_clears_stale_wal_sidecar PASSED [ 29%]
tests/test_config.py::test_from_db_defaults PASSED                       [ 30%]
tests/test_config.py::test_from_db_with_all_fields PASSED                [ 30%]
tests/test_db_manager.py::test_initialize_creates_tables PASSED          [ 31%]
tests/test_db_manager.py::test_register_terminal PASSED                  [ 31%]
tests/test_db_manager.py::test_register_terminal_idempotent PASSED       [ 32%]
tests/test_db_manager.py::test_update_terminal_status PASSED             [ 32%]
tests/test_db_manager.py::test_insert_message PASSED                     [ 33%]
tests/test_db_manager.py::test_insert_ack PASSED                         [ 33%]
tests/test_db_manager.py::test_insert_trade_mapping PASSED               [ 34%]
tests/test_db_manager.py::test_update_trade_mapping_on_ack PASSED        [ 34%]
tests/test_db_manager.py::test_update_trade_mapping_closed PASSED        [ 35%]
tests/test_db_manager.py::test_get_active_links_for_master PASSED        [ 35%]
tests/test_db_manager.py::test_insert_heartbeat PASSED                   [ 36%]
tests/test_db_manager.py::test_purge_old_heartbeats PASSED               [ 37%]
tests/test_db_manager.py::test_get_max_msg_id_empty PASSED               [ 37%]
tests/test_db_manager.py::test_get_max_msg_id_returns_max PASSED         [ 38%]
tests/test_db_manager.py::test_get_max_msg_id_isolated_by_master PASSED  [ 38%]
tests/test_db_manager.py::test_get_timed_out_messages_empty_when_fresh PASSED [ 39%]
tests/test_db_manager.py::test_get_timed_out_messages_returns_old_pending PASSED [ 39%]
tests/test_db_manager.py::test_get_timed_out_messages_excludes_exhausted PASSED [ 40%]
tests/test_db_manager.py::test_increment_retry_increments_count_and_resets_timer PASSED [ 40%]
tests/test_health.py::test_detect_heartbeat_timeout PASSED               [ 41%]
tests/test_health.py::test_no_alert_when_healthy PASSED                  [ 41%]
tests/test_health.py::test_retry_on_ack_timeout PASSED                   [ 42%]
tests/test_health.py::test_alert_and_expire_when_retries_exhausted PASSED [ 42%]
tests/test_lot.py::test_multiplier_mode PASSED                           [ 43%]
tests/test_lot.py::test_fixed_mode PASSED                                [ 43%]
tests/test_lot.py::test_multiplier_mode_large PASSED                     [ 44%]
tests/test_lot.py::test_partial_close_multiplier PASSED                  [ 44%]
tests/test_lot.py::test_partial_close_fixed PASSED                       [ 45%]
tests/test_magic.py::test_parse_master_magic PASSED                      [ 46%]
tests/test_magic.py::test_parse_master_magic_large PASSED                [ 46%]
tests/test_magic.py::test_compute_slave_magic PASSED                     [ 47%]
tests/test_magic.py::test_compute_slave_magic_same_setup PASSED          [ 47%]
tests/test_magic.py::test_compute_slave_magic_setup_99 PASSED            [ 48%]
tests/test_magic.py::test_direction_allowed_both_permits_any PASSED      [ 48%]
tests/test_magic.py::test_direction_allowed_buy_only_permits_buy PASSED  [ 49%]
tests/test_magic.py::test_direction_allowed_buy_only_blocks_sell PASSED  [ 49%]
tests/test_magic.py::test_direction_allowed_sell_only_permits_sell PASSED [ 50%]
tests/test_magic.py::test_direction_allowed_sell_only_blocks_buy PASSED  [ 50%]
tests/test_magic.py::test_direction_allowed_empty_direction_passes PASSED [ 51%]
tests/test_models.py::test_master_message_open PASSED                    [ 51%]
tests/test_models.py::test_slave_command_has_slave_fields PASSED         [ 52%]
tests/test_models.py::test_ack_message PASSED                            [ 52%]
tests/test_models.py::test_nack_message PASSED                           [ 53%]
tests/test_models.py::test_message_type_pending_values PASSED            [ 53%]
tests/test_models.py::test_master_message_pending_place PASSED           [ 54%]
tests/test_ms2_proof.py::test_ms2_1_1_retry_is_bounded_to_max_retries PASSED [ 55%]
tests/test_ms2_proof.py::test_ms2_1_2_hub_blocks_duplicate_msg_id_before_reaching_slave PASSED [ 55%]
tests/test_ms2_proof.py::test_ms2_1_2_slave_side_dedup_via_resend_window PASSED [ 56%]
tests/test_ms2_proof.py::test_ms2_1_3_no_endless_resend_loop PASSED      [ 56%]
tests/test_ms2_proof.py::test_ms2_2_1_master_resume_from_returned_on_register PASSED [ 57%]
tests/test_ms2_proof.py::test_ms2_2_1_resume_from_zero_for_fresh_master PASSED [ 57%]
tests/test_ms2_proof.py::test_ms2_2_2_already_processed_msg_id_rejected_after_restart PASSED [ 58%]
tests/test_ms2_proof.py::test_ms2_2_3_resent_messages_ignored_as_duplicates PASSED [ 58%]
tests/test_ms2_proof.py::test_ms2_3_1_no_magic_mapping_blocks_open PASSED [ 59%]
tests/test_ms2_proof.py::test_ms2_3_2_direction_guard_blocks_wrong_side PASSED [ 59%]
tests/test_ms2_proof.py::test_ms2_3_2_direction_guard_allows_matching_side PASSED [ 60%]
tests/test_ms2_proof.py::test_ms2_3_3_close_not_blocked_by_direction_guard PASSED [ 60%]
tests/test_ms2_proof.py::test_ms2_3_3_modify_not_blocked_by_direction_guard PASSED [ 61%]
tests/test_ms2_proof.py::test_ms2_3_3_close_partial_not_blocked_by_direction_guard PASSED [ 61%]
tests/test_ms2_proof.py::test_ms2_4_1_missing_magic_mapping_does_not_raise PASSED [ 62%]
tests/test_ms2_proof.py::test_ms2_4_2_retry_handling_remains_bounded_under_load PASSED [ 62%]
tests/test_ms2_proof.py::test_ms2_4_3_one_slave_missing_mapping_other_slave_receives PASSED [ 63%]
tests/test_ms2_proof.py::test_ms2_4_3_multiple_slaves_independent_routing PASSED [ 64%]
tests/test_ms2_proof.py::test_ms2_heartbeat_symbols_fast_path_when_unchanged PASSED [ 64%]
tests/test_ms2_proof.py::test_ms2_acked_message_is_not_retried PASSED    [ 65%]
tests/test_ms2_proof.py::test_ms2_nacked_message_is_not_retried PASSED   [ 65%]
tests/test_ms2_proof.py::test_ms2_invariant_retry_never_causes_double_execution PASSED [ 66%]
tests/test_ms2_proof.py::test_ms2_invariant_restart_never_breaks_idempotency PASSED [ 66%]
tests/test_ms3_stress.py::test_ms3_5_slaves_ack_within_one_second PASSED [ 67%]
tests/test_ms3_stress.py::test_ms3_burst_50_messages_no_drops_no_duplicates PASSED [ 67%]
tests/test_ms3_stress.py::test_ms3_sustained_10_msgs_per_second_for_1_hour PASSED [ 68%]
tests/test_ms3_stress.py::test_ms3_10_slaves_pipe_connections_stable PASSED [ 68%]
tests/test_ms3_stress.py::test_ms3_2_masters_concurrent_no_cross_talk PASSED [ 69%]
tests/test_ms3_stress.py::test_ms3_slave_disconnect_during_burst_does_not_block_others PASSED [ 69%]
tests/test_ms3_stress.py::test_ms3_slave_restart_no_duplicates_via_idem_file PASSED [ 70%]
tests/test_ms3_stress.py::test_ms3_master_restart_resume_from_continues_counter PASSED [ 70%]
tests/test_ms3_stress.py::test_ms3_pipe_disconnect_reconnect_no_data_loss PASSED [ 71%]
tests/test_pipe_server.py::test_pipe_server_receives_message PASSED      [ 71%]
tests/test_pipe_server.py::test_pipe_server_sends_response PASSED        [ 72%]
tests/test_router.py::test_route_open_message PASSED                     [ 73%]
tests/test_router.py::test_route_no_active_links PASSED                  [ 73%]
tests/test_router.py::test_route_skips_heartbeat PASSED                  [ 74%]
tests/test_router.py::test_resend_window_duplicate PASSED                [ 74%]
tests/test_router.py::test_resend_window_eviction PASSED                 [ 75%]
tests/test_router.py::test_route_duplicate_msg_id_skipped PASSED         [ 75%]
tests/test_router.py::test_route_close_partial_proportional PASSED       [ 76%]
tests/test_router.py::test_route_close_partial_multiplier PASSED         [ 76%]
tests/test_router.py::test_route_pending_place_message PASSED            [ 77%]
tests/test_router.py::test_route_pending_modify_no_volume_override PASSED [ 77%]
tests/test_router.py::test_route_pending_delete_message PASSED           [ 78%]
tests/test_router.py::test_route_skips_slave_without_magic_mapping PASSED [ 78%]
tests/test_router.py::test_route_uses_computed_magic_not_master_magic PASSED [ 79%]
tests/test_router.py::test_route_open_blocked_by_allowed_direction_mismatch PASSED [ 79%]
tests/test_router.py::test_route_open_allowed_when_direction_matches PASSED [ 80%]
tests/test_router.py::test_route_close_passes_regardless_of_allowed_direction PASSED [ 80%]
tests/test_serializer.py::test_encode_decode_master_message_roundtrip PASSED [ 81%]
tests/test_serializer.py::test_encode_slave_command PASSED               [ 82%]
tests/test_serializer.py::test_decode_ack PASSED                         [ 82%]
tests/test_serializer.py::test_decode_nack PASSED                        [ 83%]
tests/test_symbol.py::test_explicit_mapping PASSED                       [ 83%]
tests/test_symbol.py::test_no_mapping_returns_original PASSED            [ 84%]
tests/test_symbol.py::test_explicit_mapping_not_matching_returns_original PASSED [ 84%]
tests/test_symbol.py::test_resolve_symbol_with_suffix PASSED             [ 85%]
tests/test_symbol.py::test_resolve_symbol_explicit_overrides_suffix PASSED [ 85%]
tests/test_symbol.py::test_resolve_symbol_no_suffix_no_mapping PASSED    [ 86%]
tests/test_telegram_bot.py::test_parse_duration_supports_s_m_h_d PASSED  [ 86%]
tests/test_telegram_bot.py::test_parse_duration_rejects_garbage PASSED   [ 87%]
tests/test_telegram_bot.py::test_unknown_chat_id_is_silently_ignored PASSED [ 87%]
tests/test_telegram_bot.py::test_authorized_chat_can_run_help PASSED     [ 88%]
tests/test_telegram_bot.py::test_status_reports_uptime_and_pending PASSED [ 88%]
tests/test_telegram_bot.py::test_mute_with_duration_writes_until_ms PASSED [ 89%]
tests/test_telegram_bot.py::test_mute_off_clears PASSED                  [ 89%]
tests/test_telegram_bot.py::test_mute_default_one_hour PASSED            [ 90%]
tests/test_telegram_bot.py::test_last_alerts_returns_n_rows PASSED       [ 91%]
tests/test_telegram_bot.py::test_last_alerts_empty_history PASSED        [ 91%]
tests/test_telegram_markdown.py::test_validator_catches_unescaped_paren PASSED [ 92%]
tests/test_telegram_markdown.py::test_validator_catches_backslash_inside_code PASSED [ 92%]
tests/test_telegram_markdown.py::test_validator_accepts_plain_entities PASSED [ 93%]
tests/test_telegram_markdown.py::test_status_reply_is_valid_markdown_v2 PASSED [ 93%]
tests/test_telegram_markdown.py::test_status_reply_with_more_than_10_terminals PASSED [ 94%]
tests/test_telegram_markdown.py::test_last_alerts_reply_is_valid_markdown_v2 PASSED [ 94%]
tests/test_telegram_markdown.py::test_mute_replies_are_valid_markdown_v2 PASSED [ 95%]
tests/test_telegram_markdown.py::test_help_reply_is_valid_markdown_v2 PASSED [ 95%]
tests/test_telegram_markdown.py::test_alert_body_is_valid_markdown_v2 PASSED [ 96%]
tests/test_telegram_markdown.py::test_alert_body_without_terminal_and_broker PASSED [ 96%]
tests/test_telegram_ssl.py::test_context_enforces_verification PASSED    [ 97%]
tests/test_telegram_ssl.py::test_context_carries_at_least_the_certifi_bundle PASSED [ 97%]
tests/test_telegram_ssl.py::test_context_trusts_godaddy_root PASSED      [ 98%]
tests/test_telegram_ssl.py::test_alert_sender_posts_with_ssl_context PASSED [ 98%]
tests/test_telegram_ssl.py::test_bot_get_updates_uses_ssl_context PASSED [ 99%]
tests/test_telegram_ssl.py::test_api_test_endpoint_uses_ssl_context PASSED [100%]

======================= 189 passed in 100.18s (0:01:40) =======================
